<?xml version="1.0" encoding="UTF-8"?>
<testsuite name="SuperHeroTest" tests="2" skipped="0" failures="0" errors="0" timestamp="2016-04-27T22:59:31" hostname="epicodus-51.local" time="0.0">
  <properties/>
  <testcase name="Hero_instantiatesObjectSuperHero_name" classname="SuperHeroTest" time="0.0"/>
  <testcase name="Hero_instantiatesCorrectly_true" classname="SuperHeroTest" time="0.0"/>
  <system-out><![CDATA[]]></system-out>
  <system-err><![CDATA[]]></system-err>
</testsuite>
